build/app/intermediates/manifest_merge_blame_file/debug/manifest-merger-blame-debug-report.txt
1<?xml version="1.0" encoding="utf-8"?>
2<manifest xmlns:android="http://schemas.android.com/apk/res/android"
3    package="com.example.medicine_reminder"
4    android:versionCode="1"
5    android:versionName="1.0.0" >
6
7    <uses-sdk
8        android:minSdkVersion="16"
9        android:targetSdkVersion="33" />
10    <!--
11         The INTERNET permission is required for development. Specifically,
12         the Flutter tool needs it to communicate with the running application
13         to allow setting breakpoints, to provide hot reload, etc.
14    -->
15    <uses-permission android:name="android.permission.INTERNET" />
15-->src\debug\AndroidManifest.xml:7:5-66
15-->src\debug\AndroidManifest.xml:7:22-64
16    <uses-permission android:name="android.permission.RECEIVE_BOOT_COMPLETED" />
16-->[:flutter_local_notifications] AndroidManifest.xml:9:5-81
16-->[:flutter_local_notifications] AndroidManifest.xml:9:22-78
17    <uses-permission android:name="android.permission.VIBRATE" />
17-->[:flutter_local_notifications] AndroidManifest.xml:10:5-66
17-->[:flutter_local_notifications] AndroidManifest.xml:10:22-63
18    <uses-permission android:name="android.permission.USE_FULL_SCREEN_INTENT" />
18-->[:flutter_local_notifications] AndroidManifest.xml:11:5-81
18-->[:flutter_local_notifications] AndroidManifest.xml:11:22-78
19    <uses-permission android:name="android.permission.SCHEDULE_EXACT_ALARM" />
19-->[:flutter_local_notifications] AndroidManifest.xml:12:5-79
19-->[:flutter_local_notifications] AndroidManifest.xml:12:22-76
20    <uses-permission android:name="android.permission.POST_NOTIFICATIONS" />
20-->[:flutter_local_notifications] AndroidManifest.xml:13:5-77
20-->[:flutter_local_notifications] AndroidManifest.xml:13:22-74
21
22    <application
23        android:name="android.app.Application"
24        android:appComponentFactory="androidx.core.app.CoreComponentFactory"
24-->[androidx.core:core:1.6.0] AndroidManifest.xml:24:18-86
25        android:debuggable="true"
26        android:icon="@mipmap/ic_launcher"
27        android:label="medicine_reminder" >
28        <activity
29            android:name="com.example.medicine_reminder.MainActivity"
30            android:configChanges="orientation|keyboardHidden|keyboard|screenSize|smallestScreenSize|locale|layoutDirection|fontScale|screenLayout|density|uiMode"
31            android:exported="true"
32            android:hardwareAccelerated="true"
33            android:launchMode="singleTop"
34            android:theme="@style/LaunchTheme"
35            android:windowSoftInputMode="adjustResize" >
36
37            <!--
38                 Specifies an Android theme to apply to this Activity as soon as
39                 the Android process has started. This theme is visible to the user
40                 while the Flutter UI initializes. After that, this theme continues
41                 to determine the Window background behind the Flutter UI.
42            -->
43            <meta-data
44                android:name="io.flutter.embedding.android.NormalTheme"
45                android:resource="@style/NormalTheme" />
46
47            <intent-filter>
48                <action android:name="android.intent.action.MAIN" />
49
50                <category android:name="android.intent.category.LAUNCHER" />
51            </intent-filter>
52        </activity>
53        <!--
54             Don't delete the meta-data below.
55             This is used by the Flutter tool to generate GeneratedPluginRegistrant.java
56        -->
57        <meta-data
58            android:name="flutterEmbedding"
59            android:value="2" />
60
61        <receiver
61-->[:flutter_local_notifications] AndroidManifest.xml:16:9-18:40
62            android:name="com.dexterous.flutterlocalnotifications.ActionBroadcastReceiver"
62-->[:flutter_local_notifications] AndroidManifest.xml:17:13-91
63            android:exported="false" />
63-->[:flutter_local_notifications] AndroidManifest.xml:18:13-37
64        <receiver
64-->[:flutter_local_notifications] AndroidManifest.xml:19:9-21:40
65            android:name="com.dexterous.flutterlocalnotifications.ScheduledNotificationReceiver"
65-->[:flutter_local_notifications] AndroidManifest.xml:20:13-97
66            android:exported="false" />
66-->[:flutter_local_notifications] AndroidManifest.xml:21:13-37
67        <receiver
67-->[:flutter_local_notifications] AndroidManifest.xml:22:9-31:20
68            android:name="com.dexterous.flutterlocalnotifications.ScheduledNotificationBootReceiver"
68-->[:flutter_local_notifications] AndroidManifest.xml:23:13-101
69            android:exported="false" >
69-->[:flutter_local_notifications] AndroidManifest.xml:24:13-37
70            <intent-filter>
70-->[:flutter_local_notifications] AndroidManifest.xml:25:13-30:29
71                <action android:name="android.intent.action.BOOT_COMPLETED" />
71-->[:flutter_local_notifications] AndroidManifest.xml:26:17-79
71-->[:flutter_local_notifications] AndroidManifest.xml:26:25-76
72                <action android:name="android.intent.action.MY_PACKAGE_REPLACED" />
72-->[:flutter_local_notifications] AndroidManifest.xml:27:17-84
72-->[:flutter_local_notifications] AndroidManifest.xml:27:25-81
73                <action android:name="android.intent.action.QUICKBOOT_POWERON" />
73-->[:flutter_local_notifications] AndroidManifest.xml:28:17-82
73-->[:flutter_local_notifications] AndroidManifest.xml:28:25-79
74                <action android:name="com.htc.intent.action.QUICKBOOT_POWERON" />
74-->[:flutter_local_notifications] AndroidManifest.xml:29:17-82
74-->[:flutter_local_notifications] AndroidManifest.xml:29:25-79
75            </intent-filter>
76        </receiver>
77
78        <uses-library
78-->[androidx.window:window:1.0.0-beta04] AndroidManifest.xml:25:9-27:40
79            android:name="androidx.window.extensions"
79-->[androidx.window:window:1.0.0-beta04] AndroidManifest.xml:26:13-54
80            android:required="false" />
80-->[androidx.window:window:1.0.0-beta04] AndroidManifest.xml:27:13-37
81        <uses-library
81-->[androidx.window:window:1.0.0-beta04] AndroidManifest.xml:28:9-30:40
82            android:name="androidx.window.sidecar"
82-->[androidx.window:window:1.0.0-beta04] AndroidManifest.xml:29:13-51
83            android:required="false" />
83-->[androidx.window:window:1.0.0-beta04] AndroidManifest.xml:30:13-37
84    </application>
85
86</manifest>